<?xml version="1.0" encoding="UTF-8"?>
<testsuite name="org.apache.http.impl.cookie.TestBrowserCompatSpec" time="0.144" tests="58" errors="0" skipped="0" failures="0">
  <properties>
[...]
</properties>
  <testcase name="testConstructor" classname="org.apache.http.impl.cookie.TestBrowserCompatSpec" time="0.012"/>
  <testcase name="testSecondDomainLevelCookieMatch2" classname="org.apache.http.impl.cookie.TestBrowserCompatSpec" time="0"/>
  <testcase name="testSecondDomainLevelCookieMatch3" classname="org.apache.http.impl.cookie.TestBrowserCompatSpec" time="0"/>
  <testcase name="testInvalidSecondDomainLevelCookieMatch1" classname="org.apache.http.impl.cookie.TestBrowserCompatSpec" time="0.007"/>
  <testcase name="testInvalidSecondDomainLevelCookieMatch2" classname="org.apache.http.impl.cookie.TestBrowserCompatSpec" time="0.003"/>
  <testcase name="testMatchBlankPath" classname="org.apache.http.impl.cookie.TestBrowserCompatSpec" time="0"/>
  <testcase name="testMatchNullCookieDomain" classname="org.apache.http.impl.cookie.TestBrowserCompatSpec" time="0.001"/>
  <testcase name="testMatchNullCookiePath" classname="org.apache.http.impl.cookie.TestBrowserCompatSpec" time="0.004"/>
  <testcase name="testCookieMatch1" classname="org.apache.http.impl.cookie.TestBrowserCompatSpec" time="0"/>
  <testcase name="testCookieMatch2" classname="org.apache.http.impl.cookie.TestBrowserCompatSpec" time="0.001"/>
  <testcase name="testCookieMatch3" classname="org.apache.http.impl.cookie.TestBrowserCompatSpec" time="0.001"/>
  <testcase name="testCookieMatch4" classname="org.apache.http.impl.cookie.TestBrowserCompatSpec" time="0.001"/>
  <testcase name="testCookieMismatch1" classname="org.apache.http.impl.cookie.TestBrowserCompatSpec" time="0.001"/>
  <testcase name="testCookieMismatch2" classname="org.apache.http.impl.cookie.TestBrowserCompatSpec" time="0.001"/>
  <testcase name="testCookieMismatch3" classname="org.apache.http.impl.cookie.TestBrowserCompatSpec" time="0.001"/>
  <testcase name="testCookieMismatch4" classname="org.apache.http.impl.cookie.TestBrowserCompatSpec" time="0"/>
  <testcase name="testCookieMatch5" classname="org.apache.http.impl.cookie.TestBrowserCompatSpec" time="0"/>
  <testcase name="testCookieMismatch6" classname="org.apache.http.impl.cookie.TestBrowserCompatSpec" time="0.001"/>
  <testcase name="testInvalidMatchDomain" classname="org.apache.http.impl.cookie.TestBrowserCompatSpec" time="0"/>
  <testcase name="testGenericCookieFormatting" classname="org.apache.http.impl.cookie.TestBrowserCompatSpec" time="0.014"/>
  <testcase name="testNullCookieValueFormatting" classname="org.apache.http.impl.cookie.TestBrowserCompatSpec" time="0"/>
  <testcase name="testNullCookieValueFormattingCookieVersion1" classname="org.apache.http.impl.cookie.TestBrowserCompatSpec" time="0.002"/>
  <testcase name="testFormatSeveralCookies" classname="org.apache.http.impl.cookie.TestBrowserCompatSpec" time="0.001"/>
  <testcase name="testKeepCloverHappy" classname="org.apache.http.impl.cookie.TestBrowserCompatSpec" time="0"/>
  <testcase name="testInvalidInput" classname="org.apache.http.impl.cookie.TestBrowserCompatSpec" time="0"/>
  <testcase name="testFormatCookieWithSpaceInValue" classname="org.apache.http.impl.cookie.TestBrowserCompatSpec" time="0"/>
  <testcase name="testFormatCookieVersion0WithSpaceInValue" classname="org.apache.http.impl.cookie.TestBrowserCompatSpec" time="0"/>
  <testcase name="testVersion1CookieWithInvalidExpires" classname="org.apache.http.impl.cookie.TestBrowserCompatSpec" time="0.058"/>
  <testcase name="testParse1" classname="org.apache.http.impl.cookie.TestBrowserCompatSpec" time="0.001"/>
  <testcase name="testParse2" classname="org.apache.http.impl.cookie.TestBrowserCompatSpec" time="0"/>
  <testcase name="testParse3" classname="org.apache.http.impl.cookie.TestBrowserCompatSpec" time="0"/>
  <testcase name="testQuotedExpiresAttribute" classname="org.apache.http.impl.cookie.TestBrowserCompatSpec" time="0.001"/>
  <testcase name="testSecurityError" classname="org.apache.http.impl.cookie.TestBrowserCompatSpec" time="0.001"/>
  <testcase name="testParseSimple" classname="org.apache.http.impl.cookie.TestBrowserCompatSpec" time="0.002"/>
  <testcase name="testParseSimple2" classname="org.apache.http.impl.cookie.TestBrowserCompatSpec" time="0.001"/>
  <testcase name="testParseNoName" classname="org.apache.http.impl.cookie.TestBrowserCompatSpec" time="0.001"/>
  <testcase name="testParseNoValue" classname="org.apache.http.impl.cookie.TestBrowserCompatSpec" time="0.001"/>
  <testcase name="testParseWithWhiteSpace" classname="org.apache.http.impl.cookie.TestBrowserCompatSpec" time="0.001"/>
  <testcase name="testParseWithQuotes" classname="org.apache.http.impl.cookie.TestBrowserCompatSpec" time="0.001"/>
  <testcase name="testParseWithPath" classname="org.apache.http.impl.cookie.TestBrowserCompatSpec" time="0.001"/>
  <testcase name="testParseWithDomain" classname="org.apache.http.impl.cookie.TestBrowserCompatSpec" time="0.001"/>
  <testcase name="testParseWithSecure" classname="org.apache.http.impl.cookie.TestBrowserCompatSpec" time="0"/>
  <testcase name="testParseWithComment" classname="org.apache.http.impl.cookie.TestBrowserCompatSpec" time="0.001"/>
  <testcase name="testParseWithExpires" classname="org.apache.http.impl.cookie.TestBrowserCompatSpec" time="0.001"/>
  <testcase name="testParseWithAll" classname="org.apache.http.impl.cookie.TestBrowserCompatSpec" time="0.002"/>
  <testcase name="testParseMultipleDifferentPaths" classname="org.apache.http.impl.cookie.TestBrowserCompatSpec" time="0.001"/>
  <testcase name="testParseRelativePath" classname="org.apache.http.impl.cookie.TestBrowserCompatSpec" time="0.001"/>
  <testcase name="testParseWithWrongDomain" classname="org.apache.http.impl.cookie.TestBrowserCompatSpec" time="0.001"/>
  <testcase name="testParseWithPathMismatch" classname="org.apache.http.impl.cookie.TestBrowserCompatSpec" time="0"/>
  <testcase name="testParseWithPathMismatch2" classname="org.apache.http.impl.cookie.TestBrowserCompatSpec" time="0"/>
  <testcase name="testCookieNameWithBlanks" classname="org.apache.http.impl.cookie.TestBrowserCompatSpec" time="0.001"/>
  <testcase name="testCookieNameBlank" classname="org.apache.http.impl.cookie.TestBrowserCompatSpec" time="0"/>
  <testcase name="testCookieNameStartingWithDollarSign" classname="org.apache.http.impl.cookie.TestBrowserCompatSpec" time="0"/>
  <testcase name="testCookieWithComma" classname="org.apache.http.impl.cookie.TestBrowserCompatSpec" time="0.003"/>
  <testcase name="testDateFormats" classname="org.apache.http.impl.cookie.TestBrowserCompatSpec" time="0.012"/>
  <testcase name="testSecondDomainLevelCookie" classname="org.apache.http.impl.cookie.TestBrowserCompatSpec" time="0"/>
  <testcase name="testSecondDomainLevelCookieMatch1" classname="org.apache.http.impl.cookie.TestBrowserCompatSpec" time="0"/>
  <testcase name="testDomainCaseInsensitivity" classname="org.apache.http.impl.cookie.TestBrowserCompatSpec" time="0"/>
</testsuite>