<?xml version="1.0" encoding="UTF-8"?>
<testsuite name="org.apache.http.impl.execchain.TestMainClientExec" time="0.897" tests="26" errors="0" skipped="0" failures="0">
  <properties>
[...]
</properties>
  <testcase name="testExecRequestNonPersistentConnection" classname="org.apache.http.impl.execchain.TestMainClientExec" time="0.421"/>
  <testcase name="testExecRequestPersistentConnection" classname="org.apache.http.impl.execchain.TestMainClientExec" time="0.023"/>
  <testcase name="testExecRequestPersistentStatefulConnection" classname="org.apache.http.impl.execchain.TestMainClientExec" time="0.026"/>
  <testcase name="testExecRequestConnectionRelease" classname="org.apache.http.impl.execchain.TestMainClientExec" time="0.034"/>
  <testcase name="testExecRequestStaleConnectionCheck" classname="org.apache.http.impl.execchain.TestMainClientExec" time="0.018"/>
  <testcase name="testSocketTimeoutExistingConnection" classname="org.apache.http.impl.execchain.TestMainClientExec" time="0.015"/>
  <testcase name="testSocketTimeoutReset" classname="org.apache.http.impl.execchain.TestMainClientExec" time="0.023"/>
  <testcase name="testExecAbortedPriorToConnectionLease" classname="org.apache.http.impl.execchain.TestMainClientExec" time="0.02"/>
  <testcase name="testExecAbortedPriorToConnectionSetup" classname="org.apache.http.impl.execchain.TestMainClientExec" time="0.016"/>
  <testcase name="testExecAbortedPriorToRequestExecution" classname="org.apache.http.impl.execchain.TestMainClientExec" time="0.02"/>
  <testcase name="testExecConnectionRequestFailed" classname="org.apache.http.impl.execchain.TestMainClientExec" time="0.015"/>
  <testcase name="testExecRequestRetryOnAuthChallenge" classname="org.apache.http.impl.execchain.TestMainClientExec" time="0.074"/>
  <testcase name="testExecEntityEnclosingRequestRetryOnAuthChallenge" classname="org.apache.http.impl.execchain.TestMainClientExec" time="0.027"/>
  <testcase name="testExecEntityEnclosingRequest" classname="org.apache.http.impl.execchain.TestMainClientExec" time="0.021"/>
  <testcase name="testExecConnectionShutDown" classname="org.apache.http.impl.execchain.TestMainClientExec" time="0.011"/>
  <testcase name="testExecRuntimeException" classname="org.apache.http.impl.execchain.TestMainClientExec" time="0.012"/>
  <testcase name="testExecHttpException" classname="org.apache.http.impl.execchain.TestMainClientExec" time="0.011"/>
  <testcase name="testExecIOException" classname="org.apache.http.impl.execchain.TestMainClientExec" time="0.012"/>
  <testcase name="testEstablishDirectRoute" classname="org.apache.http.impl.execchain.TestMainClientExec" time="0.01"/>
  <testcase name="testEstablishRouteDirectProxy" classname="org.apache.http.impl.execchain.TestMainClientExec" time="0.009"/>
  <testcase name="testEstablishRouteViaProxyTunnel" classname="org.apache.http.impl.execchain.TestMainClientExec" time="0.012"/>
  <testcase name="testEstablishRouteViaProxyTunnelUnexpectedResponse" classname="org.apache.http.impl.execchain.TestMainClientExec" time="0.011"/>
  <testcase name="testEstablishRouteViaProxyTunnelFailure" classname="org.apache.http.impl.execchain.TestMainClientExec" time="0.015"/>
  <testcase name="testEstablishRouteViaProxyTunnelRetryOnAuthChallengePersistentConnection" classname="org.apache.http.impl.execchain.TestMainClientExec" time="0.022"/>
  <testcase name="testEstablishRouteViaProxyTunnelRetryOnAuthChallengeNonPersistentConnection" classname="org.apache.http.impl.execchain.TestMainClientExec" time="0.012"/>
  <testcase name="testEstablishRouteViaProxyTunnelMultipleHops" classname="org.apache.http.impl.execchain.TestMainClientExec" time="0.007"/>
</testsuite>