<?xml version="1.0" encoding="UTF-8"?>
<testsuite name="org.apache.http.impl.auth.TestDigestScheme" time="0.075" tests="23" errors="0" skipped="0" failures="0">
  <properties>
[...]
</properties>
  <testcase name="testDigestMD5SessA1AndCnonceConsistency" classname="org.apache.http.impl.auth.TestDigestScheme" time="0.007"/>
  <testcase name="testDigestAuthenticationQopAuthInt" classname="org.apache.http.impl.auth.TestDigestScheme" time="0.002"/>
  <testcase name="testDigestAuthenticationQopAuthIntNullEntity" classname="org.apache.http.impl.auth.TestDigestScheme" time="0.002"/>
  <testcase name="testDigestAuthenticationQopAuthOrAuthIntNonRepeatableEntity" classname="org.apache.http.impl.auth.TestDigestScheme" time="0.001"/>
  <testcase name="testDigestAuthenticationQopIntOnlyNonRepeatableEntity" classname="org.apache.http.impl.auth.TestDigestScheme" time="0.001"/>
  <testcase name="testDigestAuthenticationEmptyChallenge1" classname="org.apache.http.impl.auth.TestDigestScheme" time="0.001"/>
  <testcase name="testDigestAuthenticationEmptyChallenge2" classname="org.apache.http.impl.auth.TestDigestScheme" time="0"/>
  <testcase name="testDigestAuthenticationWithDefaultCreds" classname="org.apache.http.impl.auth.TestDigestScheme" time="0.004"/>
  <testcase name="testDigestAuthentication" classname="org.apache.http.impl.auth.TestDigestScheme" time="0.004"/>
  <testcase name="testDigestAuthenticationInvalidInput" classname="org.apache.http.impl.auth.TestDigestScheme" time="0"/>
  <testcase name="testDigestAuthenticationOverrideParameter" classname="org.apache.http.impl.auth.TestDigestScheme" time="0.001"/>
  <testcase name="testDigestAuthenticationWithSHA" classname="org.apache.http.impl.auth.TestDigestScheme" time="0.001"/>
  <testcase name="testDigestAuthenticationWithQueryStringInDigestURI" classname="org.apache.http.impl.auth.TestDigestScheme" time="0.001"/>
  <testcase name="testDigestAuthenticationWithMultipleRealms" classname="org.apache.http.impl.auth.TestDigestScheme" time="0.001"/>
  <testcase name="testDigestAuthenticationNoRealm" classname="org.apache.http.impl.auth.TestDigestScheme" time="0"/>
  <testcase name="testDigestAuthenticationNoNonce" classname="org.apache.http.impl.auth.TestDigestScheme" time="0"/>
  <testcase name="testDigestAuthenticationMD5Sess" classname="org.apache.http.impl.auth.TestDigestScheme" time="0.002"/>
  <testcase name="testDigestAuthenticationMD5SessNoQop" classname="org.apache.http.impl.auth.TestDigestScheme" time="0.001"/>
  <testcase name="testDigestAuthenticationMD5SessUnknownQop" classname="org.apache.http.impl.auth.TestDigestScheme" time="0.001"/>
  <testcase name="testDigestAuthenticationUnknownAlgo" classname="org.apache.http.impl.auth.TestDigestScheme" time="0.042"/>
  <testcase name="testDigestAuthenticationWithStaleNonce" classname="org.apache.http.impl.auth.TestDigestScheme" time="0"/>
  <testcase name="testDigestNouceCount" classname="org.apache.http.impl.auth.TestDigestScheme" time="0.002"/>
  <testcase name="testHttpEntityDigest" classname="org.apache.http.impl.auth.TestDigestScheme" time="0.001"/>
</testsuite>